0 info it worked if it ends with ok
1 verbose cli [ '/usr/local/bin/node', '/usr/local/bin/npm', 'run', 'devstart' ]
2 info using npm@3.10.10
3 info using node@v6.11.1
4 verbose run-script [ 'predevstart', 'devstart', 'postdevstart' ]
5 info lifecycle online-shopping@0.0.0~predevstart: online-shopping@0.0.0
6 silly lifecycle online-shopping@0.0.0~predevstart: no script for predevstart, continuing
7 info lifecycle online-shopping@0.0.0~devstart: online-shopping@0.0.0
8 verbose lifecycle online-shopping@0.0.0~devstart: unsafe-perm in lifecycle true
9 verbose lifecycle online-shopping@0.0.0~devstart: PATH: /usr/local/lib/node_modules/npm/bin/node-gyp-bin:/Users/arlene/Documents/online_shopping_project/online-shopping/node_modules/.bin:/Users/arlene/.composer/vendor/bin:/usr/local/opt/openssl/bin:/usr/local/bin:/usr/local/bin:/usr/bin:/bin:/usr/sbin:/sbin:/opt/X11/bin
10 verbose lifecycle online-shopping@0.0.0~devstart: CWD: /Users/arlene/Documents/online_shopping_project/online-shopping
11 silly lifecycle online-shopping@0.0.0~devstart: Args: [ '-c', 'nodemon ./bin/www' ]
12 info lifecycle online-shopping@0.0.0~devstart: Failed to exec devstart script
13 verbose stack Error: online-shopping@0.0.0 devstart: `nodemon ./bin/www`
13 verbose stack spawn ENOENT
13 verbose stack     at ChildProcess.<anonymous> (/usr/local/lib/node_modules/npm/lib/utils/spawn.js:33:16)
13 verbose stack     at emitTwo (events.js:106:13)
13 verbose stack     at ChildProcess.emit (events.js:191:7)
13 verbose stack     at maybeClose (internal/child_process.js:891:16)
13 verbose stack     at Process.ChildProcess._handle.onexit (internal/child_process.js:226:5)
14 verbose pkgid online-shopping@0.0.0
15 verbose cwd /Users/arlene/Documents/online_shopping_project/online-shopping
16 error Darwin 14.5.0
17 error argv "/usr/local/bin/node" "/usr/local/bin/npm" "run" "devstart"
18 error node v6.11.1
19 error npm  v3.10.10
20 error file sh
21 error code ELIFECYCLE
22 error errno ENOENT
23 error syscall spawn
24 error online-shopping@0.0.0 devstart: `nodemon ./bin/www`
24 error spawn ENOENT
25 error Failed at the online-shopping@0.0.0 devstart script 'nodemon ./bin/www'.
25 error Make sure you have the latest version of node.js and npm installed.
25 error If you do, this is most likely a problem with the online-shopping package,
25 error not with npm itself.
25 error Tell the author that this fails on your system:
25 error     nodemon ./bin/www
25 error You can get information on how to open an issue for this project with:
25 error     npm bugs online-shopping
25 error Or if that isn't available, you can get their info via:
25 error     npm owner ls online-shopping
25 error There is likely additional logging output above.
26 verbose exit [ 1, true ]
